Encryptology                                                                                                            PAGE 1
                         1     ORG 0000H
                         2     ;-----------INITALIZE---------------;
0000 7814                3     MOV R0, #20D
                         4     ;MOV 30H,#'U' ; The pivot word
0002 753104              5     MOV 31H,#04H ; Index of the pivot word
0005 753205              6     MOV 32H,#05H; Length
                         7
0008 7441                8     MOV A, #'A'
000A 28                  9     ADD A,R0
000B F530               10     MOV 30H,A
                        11     ;-----------FIND INDEX OF 'U'---------------;
000D 901034             12     MOV DPTR, #ENCRYPT
0010 E531               13     MOV A,31H
0012 93                 14     MOVC A, @A+DPTR ; A = 'U'
                        15
0013 9441               16     SUBB A, #41H ; U(ASCII) - A(ASCII) = 55 - 41 = INDEX OF 'U'
                        17
0015 FA                 18     MOV R2,A            ;index of 'U' at first alphabet
                        19
                        20     ;-----------FIND INDEX OF 'K'---------------;
0016 E530               21     MOV A,30H
0018 9427               22     SUBB A,#27H
001A FB                 23     MOV R3, A ; index of 'K' at second alphabet
                        24
                        25
                        26     ;-----------MOV 'LAMLU' TO 40H----------------;
001B 901034             27     MOV DPTR, #ENCRYPT
001E 7940               28     MOV R1,#40H
0020 E4                 29     BACK:CLR A
0021 93                 30     MOVC A, @A+DPTR
0022 B43002             31     CJNE A,#'0',GO
0025 8005               32     SJMP EXIT
0027 F7                 33     GO:MOV @R1, A
0028 A3                 34     INC DPTR
0029 09                 35     INC R1
002A 80F4               36     SJMP BACK
                        37     EXIT:
                        38
                        39     ;-----------FIND THE INDEX OF THE "LAMLU" AT ALPHABET----------------;
002C EA                 40     MOV A, R2
002D 7840               41     MOV R0, #40H
002F 7960               42     MOV R1, #60H
0031 901000             43     MOV DPTR, #ALPHABET
                        44     BACK1:
0034 7D1A               45     MOV R5, #26D
                        46     BACK0:
0036 C0E0               47     PUSH ACC
0038 93                 48     MOVC A, @A+DPTR
0039 C3                 49     CLR C
003A 96                 50     SUBB A, @R0
003B 7008               51     JNZ NOTSAME
003D D0E0               52     POP ACC
003F 9A                 53     SUBB A,R2
0040 F7                 54     MOV @R1, A
0041 09                 55     INC R1
0042 08                 56     INC R0
0043 8005               57     SJMP NEXT
                        58     NOTSAME:
0045 D0E0               59     POP ACC
0047 04                 60     INC A
0048 DDEC               61     DJNZ R5, BACK0; THE ALPHABET
004A EA                 62     NEXT:MOV A, R2
004B D532E6             63     DJNZ 32h, BACK1;THE NUMBER
                        64
                        65     ;-----------FIND THE DECYRPT WORD----------------;
004E 7960               66     MOV R1,#60H
0050 7880               67     MOV R0,#80H
0052 753205             68     MOV 32H,#05H
0055 901000             69     MOV DPTR, #ALPHABET
                        70     BACK3:
0058 EB                 71     MOV A, R3
0059 97                 72     SUBB A, @R1
005A 93                 73     MOVC A, @A+DPTR
005B F6                 74     MOV @R0,A
005C 09                 75     INC R1
005D 08                 76     INC R0
005E D532F7             77     DJNZ 32H, BACK3
                        78
                        79
0061 1171               80     acall   CONFIGURE_LCD
                        81
0063 753205             82     MOV 32H,#05H
0066 7880               83     MOV R0, #80H
0068 E6                 84     KEYBOARD_LOOP:MOV A,@R0
0069 1193               85     acall SEND_DATA
006B 08                 86     INC R0
006C D532F9             87     DJNZ 32H, KEYBOARD_LOOP
006F 80FE               88     WAIT:sjmp WAIT
                        89
                        90
                        91     CONFIGURE_LCD:  ;THIS SUBROUTINE SENDS THE INITIALIZATION COMMANDS TO THE LCD
0071 7438               92             mov a,#38H      ;TWO LINES, 5X7 MATRIX
0073 1186               93             acall SEND_COMMAND
0075 740F               94             mov a,#0FH      ;DISPLAY ON, CURSOR BLINKING
0077 1186               95             acall SEND_COMMAND
0079 7406               96             mov a,#06H      ;INCREMENT CURSOR (SHIFT CURSOR TO RIGHT)
007B 1186               97             acall SEND_COMMAND
007D 7401               98             mov a,#01H      ;CLEAR DISPLAY SCREEN
007F 1186               99             acall SEND_COMMAND
0081 7480              100             mov a,#80H      ;FORCE CURSOR TO BEGINNING OF THE FIRST LINE
0083 1186              101             acall SEND_COMMAND
0085 22                102             ret
                       103
                       104
                       105
                       106     SEND_COMMAND:
0086 F590              107             mov p1,a                ;THE COMMAND IS STORED IN A, SEND IT TO LCD
0088 C2B5              108             clr p3.5                ;RS=0 BEFORE SENDING COMMAND
008A C2B6              109             clr p3.6                ;R/W=0 TO WRITE
008C D2B7              110             setb p3.7       ;SEND A HIGH TO LOW SIGNAL TO ENABLE PIN
008E 11A0              111             acall DELAY
0090 C2B7              112             clr p3.7
0092 22                113             ret
                       114
                       115
                       116     SEND_DATA:
0093 F590              117             mov p1,a                ;SEND THE DATA STORED IN A TO LCD
0095 D2B5              118             setb p3.5       ;RS=1 BEFORE SENDING DATA
0097 C2B6              119             clr p3.6                ;R/W=0 TO WRITE
0099 D2B7              120             setb p3.7       ;SEND A HIGH TO LOW SIGNAL TO ENABLE PIN
009B 11A0              121             acall DELAY
009D C2B7              122             clr p3.7
009F 22                123             ret
                       124
                       125
                       126     DELAY:
00A0 C000              127             push 0
00A2 C001              128             push 1
00A4 7832              129             mov r0,#50
                       130     DELAY_OUTER_LOOP:
00A6 79FF              131             mov r1,#255
00A8 D9FE              132             djnz r1,$
00AA D8FA              133             djnz r0,DELAY_OUTER_LOOP
00AC D001              134             pop 1
00AE D000              135             pop 0
00B0 22                136             ret
                       137
                       138
                       139
                       140
                       141     ORG 1000h
1000 4142434445        142     ALPHABET: DB 'ABCDEFGHIJKLMNOPQRSTUVWXYZABCDEFGHIJKLMNOPQRSTUVWXYZ'
     464748494A
     4B4C4D4E4F
     5051525354
     5556575859
     5A41424344
     4546474849
     4A4B4C4D4E
     4F50515253
     5455565758
     595A
1034 544553544B        143     ENCRYPT: DB 'TESTK0'
     30
                       144     END
ASSEMBLY COMPLETE, NO ERRORS FOUND, NO WARNINGS


SYMBOL TABLE:
??MCU_8051_IDE . . . . . . . . . . .  N  NUMB  8051H  NOT USED
??VERSION. . . . . . . . . . . . . .  N  NUMB  0147H  NOT USED
AC . . . . . . . . . . . . . . . . .  B  ADDR  00D6H  NOT USED
ACC. . . . . . . . . . . . . . . . .  D  ADDR  00E0H
ACSR . . . . . . . . . . . . . . . .  D  ADDR  0097H  NOT USED
ADCF . . . . . . . . . . . . . . . .  D  ADDR  00F6H  NOT USED
ADCLK. . . . . . . . . . . . . . . .  D  ADDR  00F2H  NOT USED
ADCON. . . . . . . . . . . . . . . .  D  ADDR  00F3H  NOT USED
ADDH . . . . . . . . . . . . . . . .  D  ADDR  00F5H  NOT USED
ADDL . . . . . . . . . . . . . . . .  D  ADDR  00F4H  NOT USED
ALPHABET . . . . . . . . . . . . . .  C  ADDR  1000H
AUXR . . . . . . . . . . . . . . . .  D  ADDR  008EH  NOT USED
AUXR1. . . . . . . . . . . . . . . .  D  ADDR  00A2H  NOT USED
B. . . . . . . . . . . . . . . . . .  D  ADDR  00F0H  NOT USED
BACK . . . . . . . . . . . . . . . .  C  ADDR  0020H
BACK0. . . . . . . . . . . . . . . .  C  ADDR  0036H
BACK1. . . . . . . . . . . . . . . .  C  ADDR  0034H
BACK3. . . . . . . . . . . . . . . .  C  ADDR  0058H
BDRCON . . . . . . . . . . . . . . .  D  ADDR  009BH  NOT USED
BDRCON_1 . . . . . . . . . . . . . .  D  ADDR  009CH  NOT USED
BRL. . . . . . . . . . . . . . . . .  D  ADDR  009AH  NOT USED
CCAP0H . . . . . . . . . . . . . . .  D  ADDR  00FAH  NOT USED
CCAP0L . . . . . . . . . . . . . . .  D  ADDR  00EAH  NOT USED
CCAP1H . . . . . . . . . . . . . . .  D  ADDR  00FBH  NOT USED
CCAP1L . . . . . . . . . . . . . . .  D  ADDR  00EBH  NOT USED
CCAP2H . . . . . . . . . . . . . . .  D  ADDR  00FCH  NOT USED
CCAP3H . . . . . . . . . . . . . . .  D  ADDR  00FDH  NOT USED
CCAP4H . . . . . . . . . . . . . . .  D  ADDR  00FEH  NOT USED
CCAPL2H. . . . . . . . . . . . . . .  D  ADDR  00FCH  NOT USED
CCAPL2L. . . . . . . . . . . . . . .  D  ADDR  00ECH  NOT USED
CCAPL3H. . . . . . . . . . . . . . .  D  ADDR  00FDH  NOT USED
CCAPL3L. . . . . . . . . . . . . . .  D  ADDR  00EDH  NOT USED
CCAPL4H. . . . . . . . . . . . . . .  D  ADDR  00FEH  NOT USED
CCAPL4L. . . . . . . . . . . . . . .  D  ADDR  00EEH  NOT USED
CCAPM0 . . . . . . . . . . . . . . .  D  ADDR  00DAH  NOT USED
CCAPM1 . . . . . . . . . . . . . . .  D  ADDR  00DBH  NOT USED
CCAPM2 . . . . . . . . . . . . . . .  D  ADDR  00DCH  NOT USED
CCAPM3 . . . . . . . . . . . . . . .  D  ADDR  00DDH  NOT USED
CCAPM4 . . . . . . . . . . . . . . .  D  ADDR  00DEH  NOT USED
CCF0 . . . . . . . . . . . . . . . .  B  ADDR  00D8H  NOT USED
CCF1 . . . . . . . . . . . . . . . .  B  ADDR  00D9H  NOT USED
CCF2 . . . . . . . . . . . . . . . .  B  ADDR  00DAH  NOT USED
CCF3 . . . . . . . . . . . . . . . .  B  ADDR  00DBH  NOT USED
CCF4 . . . . . . . . . . . . . . . .  B  ADDR  00DCH  NOT USED
CCON . . . . . . . . . . . . . . . .  D  ADDR  00D8H  NOT USED
CFINT. . . . . . . . . . . . . . . .  C  ADDR  0033H  NOT USED
CH . . . . . . . . . . . . . . . . .  D  ADDR  00F9H  NOT USED
CKCON. . . . . . . . . . . . . . . .  D  ADDR  008FH  NOT USED
CKCON0 . . . . . . . . . . . . . . .  D  ADDR  008FH  NOT USED
CKRL . . . . . . . . . . . . . . . .  D  ADDR  0097H  NOT USED
CKSEL. . . . . . . . . . . . . . . .  D  ADDR  0085H  NOT USED
CL . . . . . . . . . . . . . . . . .  D  ADDR  00E9H  NOT USED
CLKREG . . . . . . . . . . . . . . .  D  ADDR  008FH  NOT USED
CMOD . . . . . . . . . . . . . . . .  D  ADDR  00D9H  NOT USED
CONFIGURE_LCD. . . . . . . . . . . .  C  ADDR  0071H
CPRL2. . . . . . . . . . . . . . . .  B  ADDR  00C8H  NOT USED
CR . . . . . . . . . . . . . . . . .  B  ADDR  00DEH  NOT USED
CT2. . . . . . . . . . . . . . . . .  B  ADDR  00C9H  NOT USED
CY . . . . . . . . . . . . . . . . .  B  ADDR  00D7H  NOT USED
DELAY. . . . . . . . . . . . . . . .  C  ADDR  00A0H
DELAY_OUTER_LOOP . . . . . . . . . .  C  ADDR  00A6H
DP0H . . . . . . . . . . . . . . . .  D  ADDR  0083H  NOT USED
DP0L . . . . . . . . . . . . . . . .  D  ADDR  0082H  NOT USED
DP1H . . . . . . . . . . . . . . . .  D  ADDR  0085H  NOT USED
DP1L . . . . . . . . . . . . . . . .  D  ADDR  0084H  NOT USED
DPH. . . . . . . . . . . . . . . . .  D  ADDR  0083H  NOT USED
DPL. . . . . . . . . . . . . . . . .  D  ADDR  0082H  NOT USED
EA . . . . . . . . . . . . . . . . .  B  ADDR  00AFH  NOT USED
EC . . . . . . . . . . . . . . . . .  B  ADDR  00AEH  NOT USED
EECON. . . . . . . . . . . . . . . .  D  ADDR  0096H  NOT USED
ENCRYPT. . . . . . . . . . . . . . .  C  ADDR  1034H
ES . . . . . . . . . . . . . . . . .  B  ADDR  00ACH  NOT USED
ET0. . . . . . . . . . . . . . . . .  B  ADDR  00A9H  NOT USED
ET1. . . . . . . . . . . . . . . . .  B  ADDR  00ABH  NOT USED
ET2. . . . . . . . . . . . . . . . .  B  ADDR  00ADH  NOT USED
EX0. . . . . . . . . . . . . . . . .  B  ADDR  00A8H  NOT USED
EX1. . . . . . . . . . . . . . . . .  B  ADDR  00AAH  NOT USED
EXEN2. . . . . . . . . . . . . . . .  B  ADDR  00CBH  NOT USED
EXF2 . . . . . . . . . . . . . . . .  B  ADDR  00CEH  NOT USED
EXIT . . . . . . . . . . . . . . . .  C  ADDR  002CH
EXTI0. . . . . . . . . . . . . . . .  C  ADDR  0003H  NOT USED
EXTI1. . . . . . . . . . . . . . . .  C  ADDR  0013H  NOT USED
F0 . . . . . . . . . . . . . . . . .  B  ADDR  00D5H  NOT USED
FE . . . . . . . . . . . . . . . . .  B  ADDR  009FH  NOT USED
GO . . . . . . . . . . . . . . . . .  C  ADDR  0027H
IE . . . . . . . . . . . . . . . . .  D  ADDR  00A8H  NOT USED
IE0. . . . . . . . . . . . . . . . .  B  ADDR  0089H  NOT USED
IE1. . . . . . . . . . . . . . . . .  B  ADDR  008BH  NOT USED
INT0 . . . . . . . . . . . . . . . .  B  ADDR  00B2H  NOT USED
INT1 . . . . . . . . . . . . . . . .  B  ADDR  00B3H  NOT USED
IP . . . . . . . . . . . . . . . . .  D  ADDR  00B8H  NOT USED
IPH. . . . . . . . . . . . . . . . .  D  ADDR  00B7H  NOT USED
IPH0 . . . . . . . . . . . . . . . .  D  ADDR  00B7H  NOT USED
IPH1 . . . . . . . . . . . . . . . .  D  ADDR  00B3H  NOT USED
IPL0 . . . . . . . . . . . . . . . .  D  ADDR  00B8H  NOT USED
IPL1 . . . . . . . . . . . . . . . .  D  ADDR  00B2H  NOT USED
IT0. . . . . . . . . . . . . . . . .  B  ADDR  0088H  NOT USED
IT1. . . . . . . . . . . . . . . . .  B  ADDR  008AH  NOT USED
KBE. . . . . . . . . . . . . . . . .  D  ADDR  009DH  NOT USED
KBF. . . . . . . . . . . . . . . . .  D  ADDR  009EH  NOT USED
KBLS . . . . . . . . . . . . . . . .  D  ADDR  009CH  NOT USED
KEYBOARD_LOOP. . . . . . . . . . . .  C  ADDR  0068H
NEXT . . . . . . . . . . . . . . . .  C  ADDR  004AH
NOTSAME. . . . . . . . . . . . . . .  C  ADDR  0045H
OSCCON . . . . . . . . . . . . . . .  D  ADDR  0086H  NOT USED
OV . . . . . . . . . . . . . . . . .  B  ADDR  00D2H  NOT USED
P. . . . . . . . . . . . . . . . . .  B  ADDR  00D0H  NOT USED
P0 . . . . . . . . . . . . . . . . .  D  ADDR  0080H  NOT USED
P1 . . . . . . . . . . . . . . . . .  D  ADDR  0090H
P1M1 . . . . . . . . . . . . . . . .  D  ADDR  00D4H  NOT USED
P1M2 . . . . . . . . . . . . . . . .  D  ADDR  00E2H  NOT USED
P2 . . . . . . . . . . . . . . . . .  D  ADDR  00A0H  NOT USED
P3 . . . . . . . . . . . . . . . . .  D  ADDR  00B0H
P3M1 . . . . . . . . . . . . . . . .  D  ADDR  00D5H  NOT USED
P3M2 . . . . . . . . . . . . . . . .  D  ADDR  00E3H  NOT USED
P4 . . . . . . . . . . . . . . . . .  D  ADDR  00C0H  NOT USED
P4M1 . . . . . . . . . . . . . . . .  D  ADDR  00D6H  NOT USED
P4M2 . . . . . . . . . . . . . . . .  D  ADDR  00E4H  NOT USED
P5 . . . . . . . . . . . . . . . . .  D  ADDR  00E8H  NOT USED
PC . . . . . . . . . . . . . . . . .  B  ADDR  00BEH  NOT USED
PCON . . . . . . . . . . . . . . . .  D  ADDR  0087H  NOT USED
PPCL . . . . . . . . . . . . . . . .  B  ADDR  00BEH  NOT USED
PS . . . . . . . . . . . . . . . . .  B  ADDR  00BCH  NOT USED
PSL. . . . . . . . . . . . . . . . .  B  ADDR  00BCH  NOT USED
PSW. . . . . . . . . . . . . . . . .  D  ADDR  00D0H  NOT USED
PT0. . . . . . . . . . . . . . . . .  B  ADDR  00B9H  NOT USED
PT0L . . . . . . . . . . . . . . . .  B  ADDR  00B9H  NOT USED
PT1. . . . . . . . . . . . . . . . .  B  ADDR  00BBH  NOT USED
PT1L . . . . . . . . . . . . . . . .  B  ADDR  00BBH  NOT USED
PT2. . . . . . . . . . . . . . . . .  B  ADDR  00BDH  NOT USED
PT2L . . . . . . . . . . . . . . . .  B  ADDR  00BDH  NOT USED
PX0. . . . . . . . . . . . . . . . .  B  ADDR  00B8H  NOT USED
PX0L . . . . . . . . . . . . . . . .  B  ADDR  00B8H  NOT USED
PX1. . . . . . . . . . . . . . . . .  B  ADDR  00BAH  NOT USED
PX1L . . . . . . . . . . . . . . . .  B  ADDR  00BAH  NOT USED
RB8. . . . . . . . . . . . . . . . .  B  ADDR  009AH  NOT USED
RCAP2H . . . . . . . . . . . . . . .  D  ADDR  00CBH  NOT USED
RCAP2L . . . . . . . . . . . . . . .  D  ADDR  00CAH  NOT USED
RCLK . . . . . . . . . . . . . . . .  B  ADDR  00CDH  NOT USED
RD . . . . . . . . . . . . . . . . .  B  ADDR  00B7H  NOT USED
REN. . . . . . . . . . . . . . . . .  B  ADDR  009CH  NOT USED
RESET. . . . . . . . . . . . . . . .  C  ADDR  0000H  NOT USED
RI . . . . . . . . . . . . . . . . .  B  ADDR  0098H  NOT USED
RS0. . . . . . . . . . . . . . . . .  B  ADDR  00D3H  NOT USED
RS1. . . . . . . . . . . . . . . . .  B  ADDR  00D4H  NOT USED
RXD. . . . . . . . . . . . . . . . .  B  ADDR  00B0H  NOT USED
SADDR. . . . . . . . . . . . . . . .  D  ADDR  00A9H  NOT USED
SADDR_0. . . . . . . . . . . . . . .  D  ADDR  00A9H  NOT USED
SADDR_1. . . . . . . . . . . . . . .  D  ADDR  00AAH  NOT USED
SADEN. . . . . . . . . . . . . . . .  D  ADDR  00B9H  NOT USED
SADEN_0. . . . . . . . . . . . . . .  D  ADDR  00B9H  NOT USED
SADEN_1. . . . . . . . . . . . . . .  D  ADDR  00BAH  NOT USED
SBUF . . . . . . . . . . . . . . . .  D  ADDR  0099H  NOT USED
SCON . . . . . . . . . . . . . . . .  D  ADDR  0098H  NOT USED
SEND_COMMAND . . . . . . . . . . . .  C  ADDR  0086H
SEND_DATA. . . . . . . . . . . . . .  C  ADDR  0093H
SINT . . . . . . . . . . . . . . . .  C  ADDR  0023H  NOT USED
SM0. . . . . . . . . . . . . . . . .  B  ADDR  009FH  NOT USED
SM1. . . . . . . . . . . . . . . . .  B  ADDR  009EH  NOT USED
SM2. . . . . . . . . . . . . . . . .  B  ADDR  009DH  NOT USED
SP . . . . . . . . . . . . . . . . .  D  ADDR  0081H  NOT USED
SPCON. . . . . . . . . . . . . . . .  D  ADDR  00C3H  NOT USED
SPCR . . . . . . . . . . . . . . . .  D  ADDR  00D5H  NOT USED
SPDAT. . . . . . . . . . . . . . . .  D  ADDR  00C5H  NOT USED
SPDR . . . . . . . . . . . . . . . .  D  ADDR  0086H  NOT USED
SPSR . . . . . . . . . . . . . . . .  D  ADDR  00AAH  NOT USED
SPSTA. . . . . . . . . . . . . . . .  D  ADDR  00C4H  NOT USED
T0 . . . . . . . . . . . . . . . . .  B  ADDR  00B4H  NOT USED
T1 . . . . . . . . . . . . . . . . .  B  ADDR  00B5H  NOT USED
T2CON. . . . . . . . . . . . . . . .  D  ADDR  00C8H  NOT USED
T2MOD. . . . . . . . . . . . . . . .  D  ADDR  00C9H  NOT USED
TB8. . . . . . . . . . . . . . . . .  B  ADDR  009BH  NOT USED
TCLK . . . . . . . . . . . . . . . .  B  ADDR  00CCH  NOT USED
TCON . . . . . . . . . . . . . . . .  D  ADDR  0088H  NOT USED
TF0. . . . . . . . . . . . . . . . .  B  ADDR  008DH  NOT USED
TF1. . . . . . . . . . . . . . . . .  B  ADDR  008FH  NOT USED
TF2. . . . . . . . . . . . . . . . .  B  ADDR  00CFH  NOT USED
TH0. . . . . . . . . . . . . . . . .  D  ADDR  008CH  NOT USED
TH1. . . . . . . . . . . . . . . . .  D  ADDR  008DH  NOT USED
TH2. . . . . . . . . . . . . . . . .  D  ADDR  00CDH  NOT USED
TI . . . . . . . . . . . . . . . . .  B  ADDR  0099H  NOT USED
TIMER0 . . . . . . . . . . . . . . .  C  ADDR  000BH  NOT USED
TIMER1 . . . . . . . . . . . . . . .  C  ADDR  001BH  NOT USED
TIMER2 . . . . . . . . . . . . . . .  C  ADDR  002BH  NOT USED
TL0. . . . . . . . . . . . . . . . .  D  ADDR  008AH  NOT USED
TL1. . . . . . . . . . . . . . . . .  D  ADDR  008BH  NOT USED
TL2. . . . . . . . . . . . . . . . .  D  ADDR  00CCH  NOT USED
TMOD . . . . . . . . . . . . . . . .  D  ADDR  0089H  NOT USED
TR0. . . . . . . . . . . . . . . . .  B  ADDR  008CH  NOT USED
TR1. . . . . . . . . . . . . . . . .  B  ADDR  008EH  NOT USED
TR2. . . . . . . . . . . . . . . . .  B  ADDR  00CAH  NOT USED
TXD. . . . . . . . . . . . . . . . .  B  ADDR  00B1H  NOT USED
WAIT . . . . . . . . . . . . . . . .  C  ADDR  006FH
WDTCON . . . . . . . . . . . . . . .  D  ADDR  00A7H  NOT USED
WDTPRG . . . . . . . . . . . . . . .  D  ADDR  00A7H  NOT USED
WDTRST . . . . . . . . . . . . . . .  D  ADDR  00A6H  NOT USED
WR . . . . . . . . . . . . . . . . .  B  ADDR  00B6H  NOT USED